Flow report for HardFuzzyCtl
Sat Nov 16 16:00:13 2019
Quartus Prime Version 18.1.0 Build 625 09/12/2018 SJ Lite Edition


---------------------
; Table of Contents ;
---------------------
  1. Legal Notice
  2. Flow Summary
  3. Flow Settings
  4. Flow Non-Default Global Settings
  5. Flow Elapsed Time
  6. Flow OS Summary
  7. Flow Log
  8. Flow Messages
  9. Flow Suppressed Messages



----------------
; Legal Notice ;
----------------
Copyright (C) 2018  Intel Corporation. All rights reserved.
Your use of Intel Corporation's design tools, logic functions 
and other software and tools, and its AMPP partner logic 
functions, and any output files from any of the foregoing 
(including device programming or simulation files), and any 
associated documentation or information are expressly subject 
to the terms and conditions of the Intel Program License 
Subscription Agreement, the Intel Quartus Prime License Agreement,
the Intel FPGA IP License Agreement, or other applicable license
agreement, including, without limitation, that your use is for
the sole purpose of programming logic devices manufactured by
Intel and sold by Intel or its authorized distributors.  Please
refer to the applicable agreement for further details.



+-------------------------------------------------------------------------------+
; Flow Summary                                                                  ;
+---------------------------------+---------------------------------------------+
; Flow Status                     ; Successful - Sat Nov 16 16:00:13 2019       ;
; Quartus Prime Version           ; 18.1.0 Build 625 09/12/2018 SJ Lite Edition ;
; Revision Name                   ; HardFuzzyCtl                                ;
; Top-level Entity Name           ; HardFuzzyCtl                                ;
; Family                          ; Cyclone V                                   ;
; Device                          ; 5CGXBC5C7F27C8                              ;
; Timing Models                   ; Final                                       ;
; Logic utilization (in ALMs)     ; 643 / 29,080 ( 2 % )                        ;
; Total registers                 ; 7                                           ;
; Total pins                      ; 68 / 364 ( 19 % )                           ;
; Total virtual pins              ; 0                                           ;
; Total block memory bits         ; 0 / 4,567,040 ( 0 % )                       ;
; Total DSP Blocks                ; 9 / 150 ( 6 % )                             ;
; Total HSSI RX PCSs              ; 0 / 6 ( 0 % )                               ;
; Total HSSI PMA RX Deserializers ; 0 / 6 ( 0 % )                               ;
; Total HSSI TX PCSs              ; 0 / 6 ( 0 % )                               ;
; Total HSSI PMA TX Serializers   ; 0 / 6 ( 0 % )                               ;
; Total PLLs                      ; 0 / 12 ( 0 % )                              ;
; Total DLLs                      ; 0 / 4 ( 0 % )                               ;
+---------------------------------+---------------------------------------------+


+-----------------------------------------+
; Flow Settings                           ;
+-------------------+---------------------+
; Option            ; Setting             ;
+-------------------+---------------------+
; Start date & time ; 11/16/2019 13:37:54 ;
; Main task         ; Compilation         ;
; Revision Name     ; HardFuzzyCtl        ;
+-------------------+---------------------+


+-----------------------------------------------------------------------------------------------------------------------------+
; Flow Non-Default Global Settings                                                                                            ;
+-------------------------------------+----------------------------------------+---------------+-------------+----------------+
; Assignment Name                     ; Value                                  ; Default Value ; Entity Name ; Section Id     ;
+-------------------------------------+----------------------------------------+---------------+-------------+----------------+
; COMPILER_SIGNATURE_ID               ; 207732453162284.157388267429166        ; --            ; --          ; --             ;
; EDA_OUTPUT_DATA_FORMAT              ; Systemverilog Hdl                      ; --            ; --          ; eda_simulation ;
; EDA_SIMULATION_TOOL                 ; ModelSim-Altera (SystemVerilog)        ; <None>        ; --          ; --             ;
; EDA_TIME_SCALE                      ; 1 ps                                   ; --            ; --          ; eda_simulation ;
; MAX_CORE_JUNCTION_TEMP              ; 85                                     ; --            ; --          ; --             ;
; MIN_CORE_JUNCTION_TEMP              ; 0                                      ; --            ; --          ; --             ;
; PARTITION_COLOR                     ; -- (Not supported for targeted family) ; --            ; --          ; Top            ;
; PARTITION_FITTER_PRESERVATION_LEVEL ; -- (Not supported for targeted family) ; --            ; --          ; Top            ;
; PARTITION_NETLIST_TYPE              ; -- (Not supported for targeted family) ; --            ; --          ; Top            ;
; POWER_BOARD_THERMAL_MODEL           ; None (CONSERVATIVE)                    ; --            ; --          ; --             ;
; POWER_PRESET_COOLING_SOLUTION       ; 23 MM HEAT SINK WITH 200 LFPM AIRFLOW  ; --            ; --          ; --             ;
; PROJECT_OUTPUT_DIRECTORY            ; output_files                           ; --            ; --          ; --             ;
; VERILOG_INPUT_VERSION               ; SystemVerilog_2005                     ; Verilog_2001  ; --          ; --             ;
; VERILOG_SHOW_LMF_MAPPING_MESSAGES   ; Off                                    ; --            ; --          ; --             ;
+-------------------------------------+----------------------------------------+---------------+-------------+----------------+


+--------------------------------------------------------------------------------------------------------------------------+
; Flow Elapsed Time                                                                                                        ;
+----------------------+--------------+-------------------------+---------------------+------------------------------------+
; Module Name          ; Elapsed Time ; Average Processors Used ; Peak Virtual Memory ; Total CPU Time (on all processors) ;
+----------------------+--------------+-------------------------+---------------------+------------------------------------+
; Analysis & Synthesis ; 00:01:09     ; 1.0                     ; 975 MB              ; 00:01:48                           ;
; Fitter               ; 00:02:33     ; 1.1                     ; 2257 MB             ; 00:03:51                           ;
; Assembler            ; 00:00:29     ; 1.0                     ; 956 MB              ; 00:00:25                           ;
; Timing Analyzer      ; 00:00:25     ; 1.3                     ; 1199 MB             ; 00:00:29                           ;
; EDA Netlist Writer   ; 00:00:07     ; 1.0                     ; 1134 MB             ; 00:00:06                           ;
; EDA Netlist Writer   ; 00:00:05     ; 1.0                     ; 1106 MB             ; 00:00:05                           ;
; EDA Netlist Writer   ; 00:00:06     ; 1.0                     ; 1113 MB             ; 00:00:06                           ;
; EDA Netlist Writer   ; 00:00:05     ; 1.0                     ; 1105 MB             ; 00:00:05                           ;
; EDA Netlist Writer   ; 00:00:06     ; 1.0                     ; 1111 MB             ; 00:00:06                           ;
; Total                ; 00:05:05     ; --                      ; --                  ; 00:07:01                           ;
+----------------------+--------------+-------------------------+---------------------+------------------------------------+


+------------------------------------------------------------------------------------+
; Flow OS Summary                                                                    ;
+----------------------+------------------+------------+------------+----------------+
; Module Name          ; Machine Hostname ; OS Name    ; OS Version ; Processor type ;
+----------------------+------------------+------------+------------+----------------+
; Analysis & Synthesis ; archlabs         ; Arch Linux ; Arch Linux ; x86_64         ;
; Fitter               ; archlabs         ; Arch Linux ; Arch Linux ; x86_64         ;
; Assembler            ; archlabs         ; Arch Linux ; Arch Linux ; x86_64         ;
; Timing Analyzer      ; archlabs         ; Arch Linux ; Arch Linux ; x86_64         ;
; EDA Netlist Writer   ; archlabs         ; Arch Linux ; Arch Linux ; x86_64         ;
; EDA Netlist Writer   ; archlabs         ; Arch Linux ; Arch Linux ; x86_64         ;
; EDA Netlist Writer   ; archlabs         ; Arch Linux ; Arch Linux ; x86_64         ;
; EDA Netlist Writer   ; archlabs         ; Arch Linux ; Arch Linux ; x86_64         ;
; EDA Netlist Writer   ; archlabs         ; Arch Linux ; Arch Linux ; x86_64         ;
+----------------------+------------------+------------+------------+----------------+


------------
; Flow Log ;
------------
quartus_map --read_settings_files=on --write_settings_files=off HardFuzzyCtl -c HardFuzzyCtl
quartus_fit --read_settings_files=off --write_settings_files=off HardFuzzyCtl -c HardFuzzyCtl
quartus_asm --read_settings_files=off --write_settings_files=off HardFuzzyCtl -c HardFuzzyCtl
quartus_sta HardFuzzyCtl -c HardFuzzyCtl
quartus_eda --read_settings_files=off --write_settings_files=off HardFuzzyCtl -c HardFuzzyCtl
quartus_eda --gen_testbench --tool=modelsim_oem --format=verilog --write_settings_files=off HardFuzzyCtl -c HardFuzzyCtl --vector_source=/home/lian/HardFuzzyCtl/Waveform1.vwf --testbench_file=/home/lian/HardFuzzyCtl/simulation/qsim/Waveform1.vwf.vt
quartus_eda --write_settings_files=off --simulation=on --functional=on --flatten_buses=off --tool=modelsim_oem --format=verilog --output_directory=/home/lian/HardFuzzyCtl/simulation/qsim/ HardFuzzyCtl -c HardFuzzyCtl
quartus_eda --gen_testbench --tool=modelsim_oem --format=verilog --write_settings_files=off HardFuzzyCtl -c HardFuzzyCtl --vector_source=/home/lian/HardFuzzyCtl/Waveform1.vwf --testbench_file=/home/lian/HardFuzzyCtl/simulation/qsim/Waveform1.vwf.vt
quartus_eda --write_settings_files=off --simulation=on --functional=on --flatten_buses=off --tool=modelsim_oem --format=verilog --output_directory=/home/lian/HardFuzzyCtl/simulation/qsim/ HardFuzzyCtl -c HardFuzzyCtl



